<?xml version="1.0" encoding="UTF-8"?>
<testng-results total="1" passed="1" failed="0" skipped="0">
  <reporter-output>
  </reporter-output>
  <suite started-at="2022-05-23T15:31:19Z" name="Default suite" finished-at="2022-05-23T15:31:30Z" duration-ms="11773">
    <groups>
    </groups>
    <test started-at="2022-05-23T15:31:19Z" name="Default test" finished-at="2022-05-23T15:31:30Z" duration-ms="11773">
      <class name="testCases.FileUploadDemo2">
        <test-method is-config="true" signature="setup()[pri:0, instance:testCases.FileUploadDemo2@52e7a6b2]" started-at="2022-05-23T16:31:19Z" name="setup" finished-at="2022-05-23T16:31:27Z" duration-ms="7987" status="PASS">
          <reporter-output>
          </reporter-output>
        </test-method> <!-- setup -->
        <test-method signature="robotTest()[pri:0, instance:testCases.FileUploadDemo2@52e7a6b2]" started-at="2022-05-23T16:31:27Z" name="robotTest" finished-at="2022-05-23T16:31:30Z" duration-ms="3763" status="PASS">
          <reporter-output>
          </reporter-output>
        </test-method> <!-- robotTest -->
        <test-method is-config="true" signature="tearDown()[pri:0, instance:testCases.FileUploadDemo2@52e7a6b2]" started-at="2022-05-23T16:31:30Z" name="tearDown" finished-at="2022-05-23T16:31:30Z" duration-ms="1" status="PASS">
          <reporter-output>
          </reporter-output>
        </test-method> <!-- tearDown -->
      </class> <!-- testCases.FileUploadDemo2 -->
    </test> <!-- Default test -->
  </suite> <!-- Default suite -->
</testng-results>
